<?xml version="1.0" encoding="UTF-8"?>
<!-- Generated by org.testng.reporters.JUnitReportReporter -->
<testsuite hostname="LAPTOP-GD8OFTRP" failures="0" tests="2" name="Arraylist_java_stream" time="0.019" errors="0" timestamp="2023-03-06T14:20:28 IST" skipped="0">
  <testcase classname="Arraylist_java_stream" name="lamda" time="0.009"/>
  <system-out/>
  <testcase classname="Arraylist_java_stream" name="Unique_number" time="0.010"/>
  <system-out/>
</testsuite> <!-- Arraylist_java_stream -->
